20 ==> 7 #SUP: 4 #CONF: 0.8
16 ==> 9 #SUP: 5 #CONF: 0.625
20 ==> 10 #SUP: 3 #CONF: 0.6
21 ==> 10 #SUP: 5 #CONF: 0.7142857142857143
35 ==> 10 #SUP: 3 #CONF: 0.5
13 ==> 12 #SUP: 3 #CONF: 0.5
2 7 ==> 1 #SUP: 3 #CONF: 0.75
1 2 ==> 7 #SUP: 3 #CONF: 0.6
1 10 ==> 7 #SUP: 3 #CONF: 0.6
1 18 ==> 7 #SUP: 4 #CONF: 0.6666666666666666
4 12 ==> 10 #SUP: 3 #CONF: 1.0
4 10 ==> 12 #SUP: 3 #CONF: 0.6
6 10 ==> 7 #SUP: 5 #CONF: 0.5
6 7 ==> 10 #SUP: 5 #CONF: 0.8333333333333334
9 10 ==> 7 #SUP: 3 #CONF: 0.6
10 20 ==> 7 #SUP: 3 #CONF: 1.0
7 20 ==> 10 #SUP: 3 #CONF: 0.75
20 ==> 7 10 #SUP: 3 #CONF: 0.6
11 18 ==> 7 #SUP: 3 #CONF: 1.0
9 17 ==> 10 #SUP: 3 #CONF: 0.6
9 10 ==> 17 #SUP: 3 #CONF: 0.6
